[>] Configuration ----------------------------------------------
{ 'alpha': 0.5,
  'arch': 'resnet18',
  'batch_size': 64,
  'deterministic': False,
  'epochs': 20,
  'lamb': 0.01,
  'log_dir': 'logs',
  'lr': 0.01,
  'momentum': 0.9,
  'pretrained': 'imagenet',
  'root_dir': '../images/',
  'save_path': 'logs\\Dec13_01-13-35_DESKTOP-N08D2NA_a-centerloss_ar=resnet18_pt=imagenet_bs=64_lr=0.01_wd=0.0005_alpha=0.5_lamb=0.01',
  'seed': 0,
  'weight_decay': 0.0005,
  'workers': 4}
[>] Loading dataset --------------------------------------------
[*] Loaded dataset!
[>] Model ------------------------------------------------------
[!] initializing model with "imagenet" weights ...
[*] Model initialized!
[>] Begin Training ---------------------------------------------
[-] TRAIN [001/20] | L=1.3823 | Ls=1.3091 | Lsc=7.3215 | acc=0.5026 | rec=0.4141 | f1=0.4084 | aucpr=0.4165 | aucroc=0.7881
[-] VALID [001/20] | L=1.1763 | Ls=1.1534 | Lsc=2.2905 | acc=0.5570 | rec=0.4674 | f1=0.4604 | aucpr=0.5158 | aucroc=0.8634
[*] epoch time = 150.11s | lr = 0.01

[-] TRAIN [002/20] | L=1.0778 | Ls=1.0579 | Lsc=1.9861 | acc=0.6046 | rec=0.5099 | f1=0.5087 | aucpr=0.5209 | aucroc=0.8625
[-] VALID [002/20] | L=1.0614 | Ls=1.0421 | Lsc=1.9274 | acc=0.6074 | rec=0.5156 | f1=0.5003 | aucpr=0.5603 | aucroc=0.8853
[*] epoch time = 154.69s | lr = 0.01

[-] TRAIN [003/20] | L=0.9753 | Ls=0.9582 | Lsc=1.7121 | acc=0.6429 | rec=0.5573 | f1=0.5650 | aucpr=0.5683 | aucroc=0.8851
[-] VALID [003/20] | L=0.9944 | Ls=0.9789 | Lsc=1.5548 | acc=0.6370 | rec=0.5505 | f1=0.5691 | aucpr=0.5884 | aucroc=0.8887
[*] epoch time = 143.04s | lr = 0.01

[-] TRAIN [004/20] | L=0.9104 | Ls=0.8945 | Lsc=1.5894 | acc=0.6663 | rec=0.5975 | f1=0.6100 | aucpr=0.6100 | aucroc=0.8993
[-] VALID [004/20] | L=1.0333 | Ls=1.0164 | Lsc=1.6904 | acc=0.6302 | rec=0.5964 | f1=0.5834 | aucpr=0.6020 | aucroc=0.8956
[*] epoch time = 139.77s | lr = 0.01

[-] TRAIN [005/20] | L=0.8588 | Ls=0.8440 | Lsc=1.4821 | acc=0.6869 | rec=0.6313 | f1=0.6452 | aucpr=0.6404 | aucroc=0.9081
[-] VALID [005/20] | L=0.9570 | Ls=0.9421 | Lsc=1.4939 | acc=0.6548 | rec=0.6090 | f1=0.6175 | aucpr=0.6134 | aucroc=0.8975
[*] epoch time = 139.00s | lr = 0.01

[-] TRAIN [006/20] | L=0.8093 | Ls=0.7954 | Lsc=1.3926 | acc=0.7045 | rec=0.6536 | f1=0.6668 | aucpr=0.6683 | aucroc=0.9161
[-] VALID [006/20] | L=0.9595 | Ls=0.9455 | Lsc=1.3958 | acc=0.6608 | rec=0.6042 | f1=0.6217 | aucpr=0.6372 | aucroc=0.9005
[*] epoch time = 141.62s | lr = 0.01

[-] TRAIN [007/20] | L=0.7639 | Ls=0.7500 | Lsc=1.3840 | acc=0.7247 | rec=0.6868 | f1=0.6984 | aucpr=0.6981 | aucroc=0.9235
[-] VALID [007/20] | L=0.9590 | Ls=0.9459 | Lsc=1.3081 | acc=0.6561 | rec=0.5897 | f1=0.6119 | aucpr=0.6318 | aucroc=0.9013
[*] epoch time = 142.55s | lr = 0.01

[-] TRAIN [008/20] | L=0.7239 | Ls=0.7102 | Lsc=1.3701 | acc=0.7373 | rec=0.7034 | f1=0.7150 | aucpr=0.7175 | aucroc=0.9292
[-] VALID [008/20] | L=1.0860 | Ls=1.0693 | Lsc=1.6734 | acc=0.6404 | rec=0.5838 | f1=0.5907 | aucpr=0.6262 | aucroc=0.8945
[*] epoch time = 143.58s | lr = 0.01

[-] TRAIN [009/20] | L=0.6895 | Ls=0.6760 | Lsc=1.3521 | acc=0.7522 | rec=0.7237 | f1=0.7345 | aucpr=0.7395 | aucroc=0.9342
[-] VALID [009/20] | L=0.9772 | Ls=0.9640 | Lsc=1.3217 | acc=0.6569 | rec=0.6162 | f1=0.6307 | aucpr=0.6395 | aucroc=0.9024
[*] epoch time = 139.16s | lr = 0.01

[-] TRAIN [010/20] | L=0.6450 | Ls=0.6313 | Lsc=1.3712 | acc=0.7713 | rec=0.7468 | f1=0.7561 | aucpr=0.7621 | aucroc=0.9405
[-] VALID [010/20] | L=1.0151 | Ls=1.0020 | Lsc=1.3124 | acc=0.6347 | rec=0.5955 | f1=0.6171 | aucpr=0.6366 | aucroc=0.9000
[*] epoch time = 137.76s | lr = 0.01

[-] TRAIN [011/20] | L=0.6140 | Ls=0.6007 | Lsc=1.3302 | acc=0.7805 | rec=0.7613 | f1=0.7695 | aucpr=0.7768 | aucroc=0.9455
[-] VALID [011/20] | L=1.1065 | Ls=1.0902 | Lsc=1.6272 | acc=0.6477 | rec=0.6090 | f1=0.6130 | aucpr=0.6432 | aucroc=0.9005
[*] epoch time = 137.91s | lr = 0.01

[-] TRAIN [012/20] | L=0.5982 | Ls=0.5851 | Lsc=1.3093 | acc=0.7870 | rec=0.7646 | f1=0.7730 | aucpr=0.7827 | aucroc=0.9476
[-] VALID [012/20] | L=1.0299 | Ls=1.0163 | Lsc=1.3636 | acc=0.6577 | rec=0.6306 | f1=0.6320 | aucpr=0.6428 | aucroc=0.8988
[*] epoch time = 141.63s | lr = 0.01

[-] TRAIN [013/20] | L=0.5569 | Ls=0.5438 | Lsc=1.3113 | acc=0.8016 | rec=0.7847 | f1=0.7907 | aucpr=0.8018 | aucroc=0.9530
[-] VALID [013/20] | L=1.0340 | Ls=1.0199 | Lsc=1.4079 | acc=0.6551 | rec=0.6167 | f1=0.6231 | aucpr=0.6389 | aucroc=0.8981
[*] epoch time = 137.96s | lr = 0.01

[-] TRAIN [014/20] | L=0.5366 | Ls=0.5236 | Lsc=1.2974 | acc=0.8092 | rec=0.7979 | f1=0.8036 | aucpr=0.8124 | aucroc=0.9546
[-] VALID [014/20] | L=1.0886 | Ls=1.0749 | Lsc=1.3691 | acc=0.6272 | rec=0.6161 | f1=0.5990 | aucpr=0.6436 | aucroc=0.8933
[*] epoch time = 139.01s | lr = 0.01

[-] TRAIN [015/20] | L=0.5128 | Ls=0.5000 | Lsc=1.2846 | acc=0.8196 | rec=0.8040 | f1=0.8115 | aucpr=0.8233 | aucroc=0.9578
[-] VALID [015/20] | L=1.0529 | Ls=1.0394 | Lsc=1.3582 | acc=0.6540 | rec=0.6342 | f1=0.6262 | aucpr=0.6485 | aucroc=0.8994
[*] epoch time = 141.70s | lr = 0.01

[-] TRAIN [016/20] | L=0.4825 | Ls=0.4697 | Lsc=1.2791 | acc=0.8300 | rec=0.8182 | f1=0.8232 | aucpr=0.8382 | aucroc=0.9617
[-] VALID [016/20] | L=1.0709 | Ls=1.0577 | Lsc=1.3197 | acc=0.6496 | rec=0.6356 | f1=0.6326 | aucpr=0.6354 | aucroc=0.8960
[*] epoch time = 141.11s | lr = 0.01

[-] TRAIN [017/20] | L=0.4466 | Ls=0.4335 | Lsc=1.3123 | acc=0.8412 | rec=0.8284 | f1=0.8328 | aucpr=0.8484 | aucroc=0.9654
[-] VALID [017/20] | L=1.2691 | Ls=1.2506 | Lsc=1.8439 | acc=0.6274 | rec=0.5890 | f1=0.5977 | aucpr=0.6357 | aucroc=0.8965
[*] epoch time = 143.32s | lr = 0.01

[-] TRAIN [018/20] | L=0.4333 | Ls=0.4205 | Lsc=1.2855 | acc=0.8476 | rec=0.8356 | f1=0.8404 | aucpr=0.8580 | aucroc=0.9674
[-] VALID [018/20] | L=1.1972 | Ls=1.1821 | Lsc=1.5164 | acc=0.6333 | rec=0.5763 | f1=0.5990 | aucpr=0.6170 | aucroc=0.8919
[*] epoch time = 140.22s | lr = 0.01

[-] TRAIN [019/20] | L=0.4204 | Ls=0.4077 | Lsc=1.2610 | acc=0.8535 | rec=0.8400 | f1=0.8448 | aucpr=0.8579 | aucroc=0.9689
[-] VALID [019/20] | L=1.1839 | Ls=1.1692 | Lsc=1.4614 | acc=0.6312 | rec=0.6022 | f1=0.6165 | aucpr=0.6414 | aucroc=0.8933
[*] epoch time = 146.12s | lr = 0.01

[-] TRAIN [020/20] | L=0.3988 | Ls=0.3862 | Lsc=1.2585 | acc=0.8619 | rec=0.8495 | f1=0.8540 | aucpr=0.8713 | aucroc=0.9710
[-] VALID [020/20] | L=1.1820 | Ls=1.1669 | Lsc=1.5058 | acc=0.6411 | rec=0.6135 | f1=0.6250 | aucpr=0.6338 | aucroc=0.8897
[*] epoch time = 148.68s | lr = 0.01

[>] Best Valid -------------------------------------------------
[+] acc=0.6608
[+] rec=0.6356
[+] f1=0.6326
[+] aucpr=0.6485
[+] aucroc=0.9024

[*] Fini! -----------------------------------------------------
[!] total time = 0:47:30.482453s
